<?xml version="1.0" encoding="UTF-8"?>
<!-- Generated by org.testng.reporters.JUnitReportReporter -->
<testsuite hostname="DLLA0570" name="Selenium.SeleniumTestBrowser" tests="1" failures="0" timestamp="9 Feb 2017 11:59:45 GMT" time="66.532" errors="0">
  <testcase name="start_browser" time="66.532" classname="Selenium.SeleniumTestBrowser"/>
</testsuite> <!-- Selenium.SeleniumTestBrowser -->
